<html>
<head>
<title>TestNG:  Test</title>
<link href="../testng.css" rel="stylesheet" type="text/css" />
<link href="../my-testng.css" rel="stylesheet" type="text/css" />

<style type="text/css">
.log { display: none;} 
.stack-trace { display: none;} 
</style>
<script type="text/javascript">
<!--
function flip(e) {
  current = e.style.display;
  if (current == 'block') {
    e.style.display = 'none';
    return 0;
  }
  else {
    e.style.display = 'block';
    return 1;
  }
}

function toggleBox(szDivId, elem, msg1, msg2)
{
  var res = -1;  if (document.getElementById) {
    res = flip(document.getElementById(szDivId));
  }
  else if (document.all) {
    // this is the way old msie versions work
    res = flip(document.all[szDivId]);
  }
  if(elem) {
    if(res == 0) elem.innerHTML = msg1; else elem.innerHTML = msg2;
  }

}

function toggleAllBoxes() {
  if (document.getElementsByTagName) {
    d = document.getElementsByTagName('div');
    for (i = 0; i < d.length; i++) {
      if (d[i].className == 'log') {
        flip(d[i]);
      }
    }
  }
}

// -->
</script>

</head>
<body>
<h2 align='center'>Test</h2><table border='1' align="center">
<tr>
<td>Tests passed/Failed/Skipped:</td><td>18/6/0</td>
</tr><tr>
<td>Started on:</td><td>Fri Jan 06 22:08:36 IST 2023</td>
</tr>
<tr><td>Total time:</td><td>27 seconds (27362 ms)</td>
</tr><tr>
<td>Included groups:</td><td></td>
</tr><tr>
<td>Excluded groups:</td><td></td>
</tr>
</table><p/>
<small><i>(Hover the method name to see the test class name)</i></small><p/>
<table width='100%' border='1' class='invocation-failed'>
<tr><td colspan='4' align='center'><b>FAILED TESTS</b></td></tr>
<tr><td><b>Test method</b></td>
<td width="30%"><b>Exception</b></td>
<td width="10%"><b>Time (seconds)</b></td>
<td><b>Instance</b></td>
</tr>
<tr>
<td title='com.employeeapi.Test.TC_02_GET_Sinfgle_EmployeeRecord.checkContentType()'><b>checkContentType</b><br>Test class: com.employeeapi.Test.TC_02_GET_Sinfgle_EmployeeRecord</td>
<td><div><pre>java.lang.AssertionError: expected [txt/html; charset=UTF-8] but found [application/json]
	at com.employeeapi.Test.TC_02_GET_Sinfgle_EmployeeRecord.checkContentType(TC_02_GET_Sinfgle_EmployeeRecord.java:66)
	at java.base/java.util.ArrayList.forEach(ArrayList.java:1511)
... Removed 33 stack frames</pre></div><a href='#' onClick='toggleBox("stack-trace390138887", this, "Click to show all stack frames", "Click to hide stack frames")'>Click to show all stack frames</a>
<div class='stack-trace' id='stack-trace390138887'><pre>java.lang.AssertionError: expected [txt/html; charset=UTF-8] but found [application/json]
	at org.testng.Assert.fail(Assert.java:97)
	at org.testng.Assert.assertEqualsImpl(Assert.java:136)
	at org.testng.Assert.assertEquals(Assert.java:118)
	at org.testng.Assert.assertEquals(Assert.java:575)
	at org.testng.Assert.assertEquals(Assert.java:585)
	at com.employeeapi.Test.TC_02_GET_Sinfgle_EmployeeRecord.checkContentType(TC_02_GET_Sinfgle_EmployeeRecord.java:66)
	at java.base/jdk.internal.reflect.DirectMethodHandleAccessor.invoke(DirectMethodHandleAccessor.java:104)
	at java.base/java.lang.reflect.Method.invoke(Method.java:578)
	at org.testng.internal.MethodInvocationHelper.invokeMethod(MethodInvocationHelper.java:134)
	at org.testng.internal.TestInvoker.invokeMethod(TestInvoker.java:597)
	at org.testng.internal.TestInvoker.invokeTestMethod(TestInvoker.java:173)
	at org.testng.internal.MethodRunner.runInSequence(MethodRunner.java:46)
	at org.testng.internal.TestInvoker$MethodInvocationAgent.invoke(TestInvoker.java:816)
	at org.testng.internal.TestInvoker.invokeTestMethods(TestInvoker.java:146)
	at org.testng.internal.TestMethodWorker.invokeTestMethods(TestMethodWorker.java:146)
	at org.testng.internal.TestMethodWorker.run(TestMethodWorker.java:128)
	at java.base/java.util.ArrayList.forEach(ArrayList.java:1511)
	at org.testng.TestRunner.privateRun(TestRunner.java:766)
	at org.testng.TestRunner.run(TestRunner.java:587)
	at org.testng.SuiteRunner.runTest(SuiteRunner.java:384)
	at org.testng.SuiteRunner.runSequentially(SuiteRunner.java:378)
	at org.testng.SuiteRunner.privateRun(SuiteRunner.java:337)
	at org.testng.SuiteRunner.run(SuiteRunner.java:286)
	at org.testng.SuiteRunnerWorker.runSuite(SuiteRunnerWorker.java:53)
	at org.testng.SuiteRunnerWorker.run(SuiteRunnerWorker.java:96)
	at org.testng.TestNG.runSuitesSequentially(TestNG.java:1187)
	at org.testng.TestNG.runSuitesLocally(TestNG.java:1109)
	at org.testng.TestNG.runSuites(TestNG.java:1039)
	at org.testng.TestNG.run(TestNG.java:1007)
	at org.apache.maven.surefire.testng.TestNGExecutor.run(TestNGExecutor.java:295)
	at org.apache.maven.surefire.testng.TestNGXmlTestSuite.execute(TestNGXmlTestSuite.java:84)
	at org.apache.maven.surefire.testng.TestNGProvider.invoke(TestNGProvider.java:90)
	at org.apache.maven.surefire.booter.ForkedBooter.invokeProviderInSameClassLoader(ForkedBooter.java:203)
	at org.apache.maven.surefire.booter.ForkedBooter.runSuitesInProcess(ForkedBooter.java:155)
	at org.apache.maven.surefire.booter.ForkedBooter.main(ForkedBooter.java:103)
</pre></div></td>
<td>0</td>
<td>com.employeeapi.Test.TC_02_GET_Sinfgle_EmployeeRecord@2d127a61</td></tr>
<tr>
<td title='com.employeeapi.Test.TC_05_DELETE_EmployeeRecord.checkResponseBody()'><b>checkResponseBody</b><br>Test class: com.employeeapi.Test.TC_05_DELETE_EmployeeRecord</td>
<td><div><pre>java.lang.AssertionError: expected [true] but found [false]
	at com.employeeapi.Test.TC_05_DELETE_EmployeeRecord.checkResponseBody(TC_05_DELETE_EmployeeRecord.java:41)
	at java.base/java.util.ArrayList.forEach(ArrayList.java:1511)
... Removed 33 stack frames</pre></div><a href='#' onClick='toggleBox("stack-trace1387511555", this, "Click to show all stack frames", "Click to hide stack frames")'>Click to show all stack frames</a>
<div class='stack-trace' id='stack-trace1387511555'><pre>java.lang.AssertionError: expected [true] but found [false]
	at org.testng.Assert.fail(Assert.java:97)
	at org.testng.Assert.assertEqualsImpl(Assert.java:136)
	at org.testng.Assert.assertEquals(Assert.java:118)
	at org.testng.Assert.assertEquals(Assert.java:751)
	at org.testng.Assert.assertEquals(Assert.java:761)
	at com.employeeapi.Test.TC_05_DELETE_EmployeeRecord.checkResponseBody(TC_05_DELETE_EmployeeRecord.java:41)
	at java.base/jdk.internal.reflect.DirectMethodHandleAccessor.invoke(DirectMethodHandleAccessor.java:104)
	at java.base/java.lang.reflect.Method.invoke(Method.java:578)
	at org.testng.internal.MethodInvocationHelper.invokeMethod(MethodInvocationHelper.java:134)
	at org.testng.internal.TestInvoker.invokeMethod(TestInvoker.java:597)
	at org.testng.internal.TestInvoker.invokeTestMethod(TestInvoker.java:173)
	at org.testng.internal.MethodRunner.runInSequence(MethodRunner.java:46)
	at org.testng.internal.TestInvoker$MethodInvocationAgent.invoke(TestInvoker.java:816)
	at org.testng.internal.TestInvoker.invokeTestMethods(TestInvoker.java:146)
	at org.testng.internal.TestMethodWorker.invokeTestMethods(TestMethodWorker.java:146)
	at org.testng.internal.TestMethodWorker.run(TestMethodWorker.java:128)
	at java.base/java.util.ArrayList.forEach(ArrayList.java:1511)
	at org.testng.TestRunner.privateRun(TestRunner.java:766)
	at org.testng.TestRunner.run(TestRunner.java:587)
	at org.testng.SuiteRunner.runTest(SuiteRunner.java:384)
	at org.testng.SuiteRunner.runSequentially(SuiteRunner.java:378)
	at org.testng.SuiteRunner.privateRun(SuiteRunner.java:337)
	at org.testng.SuiteRunner.run(SuiteRunner.java:286)
	at org.testng.SuiteRunnerWorker.runSuite(SuiteRunnerWorker.java:53)
	at org.testng.SuiteRunnerWorker.run(SuiteRunnerWorker.java:96)
	at org.testng.TestNG.runSuitesSequentially(TestNG.java:1187)
	at org.testng.TestNG.runSuitesLocally(TestNG.java:1109)
	at org.testng.TestNG.runSuites(TestNG.java:1039)
	at org.testng.TestNG.run(TestNG.java:1007)
	at org.apache.maven.surefire.testng.TestNGExecutor.run(TestNGExecutor.java:295)
	at org.apache.maven.surefire.testng.TestNGXmlTestSuite.execute(TestNGXmlTestSuite.java:84)
	at org.apache.maven.surefire.testng.TestNGProvider.invoke(TestNGProvider.java:90)
	at org.apache.maven.surefire.booter.ForkedBooter.invokeProviderInSameClassLoader(ForkedBooter.java:203)
	at org.apache.maven.surefire.booter.ForkedBooter.runSuitesInProcess(ForkedBooter.java:155)
	at org.apache.maven.surefire.booter.ForkedBooter.main(ForkedBooter.java:103)
</pre></div></td>
<td>0</td>
<td>com.employeeapi.Test.TC_05_DELETE_EmployeeRecord@17776a8</td></tr>
<tr>
<td title='com.employeeapi.Test.TC_02_GET_Sinfgle_EmployeeRecord.checkServertype()'><b>checkServertype</b><br>Test class: com.employeeapi.Test.TC_02_GET_Sinfgle_EmployeeRecord</td>
<td><div><pre>java.lang.AssertionError: expected [nginx/1.14.1] but found [nginx/1.21.6]
	at com.employeeapi.Test.TC_02_GET_Sinfgle_EmployeeRecord.checkServertype(TC_02_GET_Sinfgle_EmployeeRecord.java:74)
	at java.base/java.util.ArrayList.forEach(ArrayList.java:1511)
... Removed 33 stack frames</pre></div><a href='#' onClick='toggleBox("stack-trace1694073314", this, "Click to show all stack frames", "Click to hide stack frames")'>Click to show all stack frames</a>
<div class='stack-trace' id='stack-trace1694073314'><pre>java.lang.AssertionError: expected [nginx/1.14.1] but found [nginx/1.21.6]
	at org.testng.Assert.fail(Assert.java:97)
	at org.testng.Assert.assertEqualsImpl(Assert.java:136)
	at org.testng.Assert.assertEquals(Assert.java:118)
	at org.testng.Assert.assertEquals(Assert.java:575)
	at org.testng.Assert.assertEquals(Assert.java:585)
	at com.employeeapi.Test.TC_02_GET_Sinfgle_EmployeeRecord.checkServertype(TC_02_GET_Sinfgle_EmployeeRecord.java:74)
	at java.base/jdk.internal.reflect.DirectMethodHandleAccessor.invoke(DirectMethodHandleAccessor.java:104)
	at java.base/java.lang.reflect.Method.invoke(Method.java:578)
	at org.testng.internal.MethodInvocationHelper.invokeMethod(MethodInvocationHelper.java:134)
	at org.testng.internal.TestInvoker.invokeMethod(TestInvoker.java:597)
	at org.testng.internal.TestInvoker.invokeTestMethod(TestInvoker.java:173)
	at org.testng.internal.MethodRunner.runInSequence(MethodRunner.java:46)
	at org.testng.internal.TestInvoker$MethodInvocationAgent.invoke(TestInvoker.java:816)
	at org.testng.internal.TestInvoker.invokeTestMethods(TestInvoker.java:146)
	at org.testng.internal.TestMethodWorker.invokeTestMethods(TestMethodWorker.java:146)
	at org.testng.internal.TestMethodWorker.run(TestMethodWorker.java:128)
	at java.base/java.util.ArrayList.forEach(ArrayList.java:1511)
	at org.testng.TestRunner.privateRun(TestRunner.java:766)
	at org.testng.TestRunner.run(TestRunner.java:587)
	at org.testng.SuiteRunner.runTest(SuiteRunner.java:384)
	at org.testng.SuiteRunner.runSequentially(SuiteRunner.java:378)
	at org.testng.SuiteRunner.privateRun(SuiteRunner.java:337)
	at org.testng.SuiteRunner.run(SuiteRunner.java:286)
	at org.testng.SuiteRunnerWorker.runSuite(SuiteRunnerWorker.java:53)
	at org.testng.SuiteRunnerWorker.run(SuiteRunnerWorker.java:96)
	at org.testng.TestNG.runSuitesSequentially(TestNG.java:1187)
	at org.testng.TestNG.runSuitesLocally(TestNG.java:1109)
	at org.testng.TestNG.runSuites(TestNG.java:1039)
	at org.testng.TestNG.run(TestNG.java:1007)
	at org.apache.maven.surefire.testng.TestNGExecutor.run(TestNGExecutor.java:295)
	at org.apache.maven.surefire.testng.TestNGXmlTestSuite.execute(TestNGXmlTestSuite.java:84)
	at org.apache.maven.surefire.testng.TestNGProvider.invoke(TestNGProvider.java:90)
	at org.apache.maven.surefire.booter.ForkedBooter.invokeProviderInSameClassLoader(ForkedBooter.java:203)
	at org.apache.maven.surefire.booter.ForkedBooter.runSuitesInProcess(ForkedBooter.java:155)
	at org.apache.maven.surefire.booter.ForkedBooter.main(ForkedBooter.java:103)
</pre></div></td>
<td>0</td>
<td>com.employeeapi.Test.TC_02_GET_Sinfgle_EmployeeRecord@2d127a61</td></tr>
<tr>
<td title='com.employeeapi.Test.TC_05_DELETE_EmployeeRecord.checkStatuscode()'><b>checkStatuscode</b><br>Test class: com.employeeapi.Test.TC_05_DELETE_EmployeeRecord</td>
<td><div><pre>java.lang.AssertionError: expected [200] but found [429]
	at com.employeeapi.Test.TC_05_DELETE_EmployeeRecord.checkStatuscode(TC_05_DELETE_EmployeeRecord.java:49)
	at java.base/java.util.ArrayList.forEach(ArrayList.java:1511)
... Removed 33 stack frames</pre></div><a href='#' onClick='toggleBox("stack-trace2093613480", this, "Click to show all stack frames", "Click to hide stack frames")'>Click to show all stack frames</a>
<div class='stack-trace' id='stack-trace2093613480'><pre>java.lang.AssertionError: expected [200] but found [429]
	at org.testng.Assert.fail(Assert.java:97)
	at org.testng.Assert.assertEqualsImpl(Assert.java:136)
	at org.testng.Assert.assertEquals(Assert.java:118)
	at org.testng.Assert.assertEquals(Assert.java:839)
	at org.testng.Assert.assertEquals(Assert.java:849)
	at com.employeeapi.Test.TC_05_DELETE_EmployeeRecord.checkStatuscode(TC_05_DELETE_EmployeeRecord.java:49)
	at java.base/jdk.internal.reflect.DirectMethodHandleAccessor.invoke(DirectMethodHandleAccessor.java:104)
	at java.base/java.lang.reflect.Method.invoke(Method.java:578)
	at org.testng.internal.MethodInvocationHelper.invokeMethod(MethodInvocationHelper.java:134)
	at org.testng.internal.TestInvoker.invokeMethod(TestInvoker.java:597)
	at org.testng.internal.TestInvoker.invokeTestMethod(TestInvoker.java:173)
	at org.testng.internal.MethodRunner.runInSequence(MethodRunner.java:46)
	at org.testng.internal.TestInvoker$MethodInvocationAgent.invoke(TestInvoker.java:816)
	at org.testng.internal.TestInvoker.invokeTestMethods(TestInvoker.java:146)
	at org.testng.internal.TestMethodWorker.invokeTestMethods(TestMethodWorker.java:146)
	at org.testng.internal.TestMethodWorker.run(TestMethodWorker.java:128)
	at java.base/java.util.ArrayList.forEach(ArrayList.java:1511)
	at org.testng.TestRunner.privateRun(TestRunner.java:766)
	at org.testng.TestRunner.run(TestRunner.java:587)
	at org.testng.SuiteRunner.runTest(SuiteRunner.java:384)
	at org.testng.SuiteRunner.runSequentially(SuiteRunner.java:378)
	at org.testng.SuiteRunner.privateRun(SuiteRunner.java:337)
	at org.testng.SuiteRunner.run(SuiteRunner.java:286)
	at org.testng.SuiteRunnerWorker.runSuite(SuiteRunnerWorker.java:53)
	at org.testng.SuiteRunnerWorker.run(SuiteRunnerWorker.java:96)
	at org.testng.TestNG.runSuitesSequentially(TestNG.java:1187)
	at org.testng.TestNG.runSuitesLocally(TestNG.java:1109)
	at org.testng.TestNG.runSuites(TestNG.java:1039)
	at org.testng.TestNG.run(TestNG.java:1007)
	at org.apache.maven.surefire.testng.TestNGExecutor.run(TestNGExecutor.java:295)
	at org.apache.maven.surefire.testng.TestNGXmlTestSuite.execute(TestNGXmlTestSuite.java:84)
	at org.apache.maven.surefire.testng.TestNGProvider.invoke(TestNGProvider.java:90)
	at org.apache.maven.surefire.booter.ForkedBooter.invokeProviderInSameClassLoader(ForkedBooter.java:203)
	at org.apache.maven.surefire.booter.ForkedBooter.runSuitesInProcess(ForkedBooter.java:155)
	at org.apache.maven.surefire.booter.ForkedBooter.main(ForkedBooter.java:103)
</pre></div></td>
<td>0</td>
<td>com.employeeapi.Test.TC_05_DELETE_EmployeeRecord@17776a8</td></tr>
<tr>
<td title='com.employeeapi.Test.TC_05_DELETE_EmployeeRecord.checkserverType()'><b>checkserverType</b><br>Test class: com.employeeapi.Test.TC_05_DELETE_EmployeeRecord</td>
<td><div><pre>java.lang.AssertionError: expected [nginx/1.14.1] but found [Apache]
	at com.employeeapi.Test.TC_05_DELETE_EmployeeRecord.checkserverType(TC_05_DELETE_EmployeeRecord.java:61)
	at java.base/java.util.ArrayList.forEach(ArrayList.java:1511)
... Removed 33 stack frames</pre></div><a href='#' onClick='toggleBox("stack-trace1177206467", this, "Click to show all stack frames", "Click to hide stack frames")'>Click to show all stack frames</a>
<div class='stack-trace' id='stack-trace1177206467'><pre>java.lang.AssertionError: expected [nginx/1.14.1] but found [Apache]
	at org.testng.Assert.fail(Assert.java:97)
	at org.testng.Assert.assertEqualsImpl(Assert.java:136)
	at org.testng.Assert.assertEquals(Assert.java:118)
	at org.testng.Assert.assertEquals(Assert.java:575)
	at org.testng.Assert.assertEquals(Assert.java:585)
	at com.employeeapi.Test.TC_05_DELETE_EmployeeRecord.checkserverType(TC_05_DELETE_EmployeeRecord.java:61)
	at java.base/jdk.internal.reflect.DirectMethodHandleAccessor.invoke(DirectMethodHandleAccessor.java:104)
	at java.base/java.lang.reflect.Method.invoke(Method.java:578)
	at org.testng.internal.MethodInvocationHelper.invokeMethod(MethodInvocationHelper.java:134)
	at org.testng.internal.TestInvoker.invokeMethod(TestInvoker.java:597)
	at org.testng.internal.TestInvoker.invokeTestMethod(TestInvoker.java:173)
	at org.testng.internal.MethodRunner.runInSequence(MethodRunner.java:46)
	at org.testng.internal.TestInvoker$MethodInvocationAgent.invoke(TestInvoker.java:816)
	at org.testng.internal.TestInvoker.invokeTestMethods(TestInvoker.java:146)
	at org.testng.internal.TestMethodWorker.invokeTestMethods(TestMethodWorker.java:146)
	at org.testng.internal.TestMethodWorker.run(TestMethodWorker.java:128)
	at java.base/java.util.ArrayList.forEach(ArrayList.java:1511)
	at org.testng.TestRunner.privateRun(TestRunner.java:766)
	at org.testng.TestRunner.run(TestRunner.java:587)
	at org.testng.SuiteRunner.runTest(SuiteRunner.java:384)
	at org.testng.SuiteRunner.runSequentially(SuiteRunner.java:378)
	at org.testng.SuiteRunner.privateRun(SuiteRunner.java:337)
	at org.testng.SuiteRunner.run(SuiteRunner.java:286)
	at org.testng.SuiteRunnerWorker.runSuite(SuiteRunnerWorker.java:53)
	at org.testng.SuiteRunnerWorker.run(SuiteRunnerWorker.java:96)
	at org.testng.TestNG.runSuitesSequentially(TestNG.java:1187)
	at org.testng.TestNG.runSuitesLocally(TestNG.java:1109)
	at org.testng.TestNG.runSuites(TestNG.java:1039)
	at org.testng.TestNG.run(TestNG.java:1007)
	at org.apache.maven.surefire.testng.TestNGExecutor.run(TestNGExecutor.java:295)
	at org.apache.maven.surefire.testng.TestNGXmlTestSuite.execute(TestNGXmlTestSuite.java:84)
	at org.apache.maven.surefire.testng.TestNGProvider.invoke(TestNGProvider.java:90)
	at org.apache.maven.surefire.booter.ForkedBooter.invokeProviderInSameClassLoader(ForkedBooter.java:203)
	at org.apache.maven.surefire.booter.ForkedBooter.runSuitesInProcess(ForkedBooter.java:155)
	at org.apache.maven.surefire.booter.ForkedBooter.main(ForkedBooter.java:103)
</pre></div></td>
<td>0</td>
<td>com.employeeapi.Test.TC_05_DELETE_EmployeeRecord@17776a8</td></tr>
<tr>
<td title='com.employeeapi.Test.TC_05_DELETE_EmployeeRecord.checkstatusline()'><b>checkstatusline</b><br>Test class: com.employeeapi.Test.TC_05_DELETE_EmployeeRecord</td>
<td><div><pre>java.lang.AssertionError: expected [HTTP/1.1 200 OK] but found [HTTP/1.1 429 Too Many Requests]
	at com.employeeapi.Test.TC_05_DELETE_EmployeeRecord.checkstatusline(TC_05_DELETE_EmployeeRecord.java:55)
	at java.base/java.util.ArrayList.forEach(ArrayList.java:1511)
... Removed 33 stack frames</pre></div><a href='#' onClick='toggleBox("stack-trace902406705", this, "Click to show all stack frames", "Click to hide stack frames")'>Click to show all stack frames</a>
<div class='stack-trace' id='stack-trace902406705'><pre>java.lang.AssertionError: expected [HTTP/1.1 200 OK] but found [HTTP/1.1 429 Too Many Requests]
	at org.testng.Assert.fail(Assert.java:97)
	at org.testng.Assert.assertEqualsImpl(Assert.java:136)
	at org.testng.Assert.assertEquals(Assert.java:118)
	at org.testng.Assert.assertEquals(Assert.java:575)
	at org.testng.Assert.assertEquals(Assert.java:585)
	at com.employeeapi.Test.TC_05_DELETE_EmployeeRecord.checkstatusline(TC_05_DELETE_EmployeeRecord.java:55)
	at java.base/jdk.internal.reflect.DirectMethodHandleAccessor.invoke(DirectMethodHandleAccessor.java:104)
	at java.base/java.lang.reflect.Method.invoke(Method.java:578)
	at org.testng.internal.MethodInvocationHelper.invokeMethod(MethodInvocationHelper.java:134)
	at org.testng.internal.TestInvoker.invokeMethod(TestInvoker.java:597)
	at org.testng.internal.TestInvoker.invokeTestMethod(TestInvoker.java:173)
	at org.testng.internal.MethodRunner.runInSequence(MethodRunner.java:46)
	at org.testng.internal.TestInvoker$MethodInvocationAgent.invoke(TestInvoker.java:816)
	at org.testng.internal.TestInvoker.invokeTestMethods(TestInvoker.java:146)
	at org.testng.internal.TestMethodWorker.invokeTestMethods(TestMethodWorker.java:146)
	at org.testng.internal.TestMethodWorker.run(TestMethodWorker.java:128)
	at java.base/java.util.ArrayList.forEach(ArrayList.java:1511)
	at org.testng.TestRunner.privateRun(TestRunner.java:766)
	at org.testng.TestRunner.run(TestRunner.java:587)
	at org.testng.SuiteRunner.runTest(SuiteRunner.java:384)
	at org.testng.SuiteRunner.runSequentially(SuiteRunner.java:378)
	at org.testng.SuiteRunner.privateRun(SuiteRunner.java:337)
	at org.testng.SuiteRunner.run(SuiteRunner.java:286)
	at org.testng.SuiteRunnerWorker.runSuite(SuiteRunnerWorker.java:53)
	at org.testng.SuiteRunnerWorker.run(SuiteRunnerWorker.java:96)
	at org.testng.TestNG.runSuitesSequentially(TestNG.java:1187)
	at org.testng.TestNG.runSuitesLocally(TestNG.java:1109)
	at org.testng.TestNG.runSuites(TestNG.java:1039)
	at org.testng.TestNG.run(TestNG.java:1007)
	at org.apache.maven.surefire.testng.TestNGExecutor.run(TestNGExecutor.java:295)
	at org.apache.maven.surefire.testng.TestNGXmlTestSuite.execute(TestNGXmlTestSuite.java:84)
	at org.apache.maven.surefire.testng.TestNGProvider.invoke(TestNGProvider.java:90)
	at org.apache.maven.surefire.booter.ForkedBooter.invokeProviderInSameClassLoader(ForkedBooter.java:203)
	at org.apache.maven.surefire.booter.ForkedBooter.runSuitesInProcess(ForkedBooter.java:155)
	at org.apache.maven.surefire.booter.ForkedBooter.main(ForkedBooter.java:103)
</pre></div></td>
<td>0</td>
<td>com.employeeapi.Test.TC_05_DELETE_EmployeeRecord@17776a8</td></tr>
</table><p>
<table width='100%' border='1' class='invocation-passed'>
<tr><td colspan='4' align='center'><b>PASSED TESTS</b></td></tr>
<tr><td><b>Test method</b></td>
<td width="30%"><b>Exception</b></td>
<td width="10%"><b>Time (seconds)</b></td>
<td><b>Instance</b></td>
</tr>
<tr>
<td title='com.employeeapi.Test.TC_05_DELETE_EmployeeRecord.checkContentEncoding()'><b>checkContentEncoding</b><br>Test class: com.employeeapi.Test.TC_05_DELETE_EmployeeRecord</td>
<td></td>
<td>0</td>
<td>com.employeeapi.Test.TC_05_DELETE_EmployeeRecord@17776a8</td></tr>
<tr>
<td title='com.employeeapi.Test.TC_03_POST_EmployeeData.checkContentType()'><b>checkContentType</b><br>Test class: com.employeeapi.Test.TC_03_POST_EmployeeData</td>
<td></td>
<td>0</td>
<td>com.employeeapi.Test.TC_03_POST_EmployeeData@69a10787</td></tr>
<tr>
<td title='com.employeeapi.Test.TC_04_PUT_EMPLOYEE.checkContentType()'><b>checkContentType</b><br>Test class: com.employeeapi.Test.TC_04_PUT_EMPLOYEE</td>
<td></td>
<td>0</td>
<td>com.employeeapi.Test.TC_04_PUT_EMPLOYEE@2bbaf4f0</td></tr>
<tr>
<td title='com.employeeapi.Test.TC_02_GET_Sinfgle_EmployeeRecord.checkContentlength()'><b>checkContentlength</b><br>Test class: com.employeeapi.Test.TC_02_GET_Sinfgle_EmployeeRecord</td>
<td></td>
<td>0</td>
<td>com.employeeapi.Test.TC_02_GET_Sinfgle_EmployeeRecord@2d127a61</td></tr>
<tr>
<td title='com.employeeapi.Test.TC_02_GET_Sinfgle_EmployeeRecord.checkResponsebody()'><b>checkResponsebody</b><br>Test class: com.employeeapi.Test.TC_02_GET_Sinfgle_EmployeeRecord</td>
<td></td>
<td>0</td>
<td>com.employeeapi.Test.TC_02_GET_Sinfgle_EmployeeRecord@2d127a61</td></tr>
<tr>
<td title='com.employeeapi.Test.TC_01_GET_All_Employees.checkResponsebody()'><b>checkResponsebody</b><br>Test class: com.employeeapi.Test.TC_01_GET_All_Employees</td>
<td></td>
<td>0</td>
<td>com.employeeapi.Test.TC_01_GET_All_Employees@11c20519</td></tr>
<tr>
<td title='com.employeeapi.Test.TC_02_GET_Sinfgle_EmployeeRecord.checkResponsetime()'><b>checkResponsetime</b><br>Test class: com.employeeapi.Test.TC_02_GET_Sinfgle_EmployeeRecord</td>
<td></td>
<td>0</td>
<td>com.employeeapi.Test.TC_02_GET_Sinfgle_EmployeeRecord@2d127a61</td></tr>
<tr>
<td title='com.employeeapi.Test.TC_01_GET_All_Employees.checkResponsetime()'><b>checkResponsetime</b><br>Test class: com.employeeapi.Test.TC_01_GET_All_Employees</td>
<td></td>
<td>0</td>
<td>com.employeeapi.Test.TC_01_GET_All_Employees@11c20519</td></tr>
<tr>
<td title='com.employeeapi.Test.TC_03_POST_EmployeeData.checkResposebody()'><b>checkResposebody</b><br>Test class: com.employeeapi.Test.TC_03_POST_EmployeeData</td>
<td></td>
<td>0</td>
<td>com.employeeapi.Test.TC_03_POST_EmployeeData@69a10787</td></tr>
<tr>
<td title='com.employeeapi.Test.TC_04_PUT_EMPLOYEE.checkResposebody()'><b>checkResposebody</b><br>Test class: com.employeeapi.Test.TC_04_PUT_EMPLOYEE</td>
<td></td>
<td>0</td>
<td>com.employeeapi.Test.TC_04_PUT_EMPLOYEE@2bbaf4f0</td></tr>
<tr>
<td title='com.employeeapi.Test.TC_02_GET_Sinfgle_EmployeeRecord.checkStatusCode()'><b>checkStatusCode</b><br>Test class: com.employeeapi.Test.TC_02_GET_Sinfgle_EmployeeRecord</td>
<td></td>
<td>0</td>
<td>com.employeeapi.Test.TC_02_GET_Sinfgle_EmployeeRecord@2d127a61</td></tr>
<tr>
<td title='com.employeeapi.Test.TC_01_GET_All_Employees.checkStatusCode()'><b>checkStatusCode</b><br>Test class: com.employeeapi.Test.TC_01_GET_All_Employees</td>
<td></td>
<td>0</td>
<td>com.employeeapi.Test.TC_01_GET_All_Employees@11c20519</td></tr>
<tr>
<td title='com.employeeapi.Test.TC_03_POST_EmployeeData.checkStatuscode()'><b>checkStatuscode</b><br>Test class: com.employeeapi.Test.TC_03_POST_EmployeeData</td>
<td></td>
<td>0</td>
<td>com.employeeapi.Test.TC_03_POST_EmployeeData@69a10787</td></tr>
<tr>
<td title='com.employeeapi.Test.TC_04_PUT_EMPLOYEE.checkStatuscode()'><b>checkStatuscode</b><br>Test class: com.employeeapi.Test.TC_04_PUT_EMPLOYEE</td>
<td></td>
<td>0</td>
<td>com.employeeapi.Test.TC_04_PUT_EMPLOYEE@2bbaf4f0</td></tr>
<tr>
<td title='com.employeeapi.Test.TC_03_POST_EmployeeData.checkStatusline()'><b>checkStatusline</b><br>Test class: com.employeeapi.Test.TC_03_POST_EmployeeData</td>
<td></td>
<td>0</td>
<td>com.employeeapi.Test.TC_03_POST_EmployeeData@69a10787</td></tr>
<tr>
<td title='com.employeeapi.Test.TC_02_GET_Sinfgle_EmployeeRecord.checkStatusline()'><b>checkStatusline</b><br>Test class: com.employeeapi.Test.TC_02_GET_Sinfgle_EmployeeRecord</td>
<td></td>
<td>0</td>
<td>com.employeeapi.Test.TC_02_GET_Sinfgle_EmployeeRecord@2d127a61</td></tr>
<tr>
<td title='com.employeeapi.Test.TC_04_PUT_EMPLOYEE.checkStatusline()'><b>checkStatusline</b><br>Test class: com.employeeapi.Test.TC_04_PUT_EMPLOYEE</td>
<td></td>
<td>0</td>
<td>com.employeeapi.Test.TC_04_PUT_EMPLOYEE@2bbaf4f0</td></tr>
<tr>
<td title='com.employeeapi.Test.TC_01_GET_All_Employees.checkStatusline()'><b>checkStatusline</b><br>Test class: com.employeeapi.Test.TC_01_GET_All_Employees</td>
<td></td>
<td>0</td>
<td>com.employeeapi.Test.TC_01_GET_All_Employees@11c20519</td></tr>
</table><p>
</body>
</html>